  MyForm.cpp
C:\Users\Skitar\source\repos\Project2\Project2\MyForm.cpp(132,20): warning C4018: <: несоответствие типов со знаком и без знака
C:\Users\Skitar\source\repos\Project2\Project2\MyForm.cpp(157,21): warning C4018: <: несоответствие типов со знаком и без знака
C:\Users\Skitar\source\repos\Project2\Project2\MyForm.cpp(164,21): warning C4018: <: несоответствие типов со знаком и без знака
C:\Users\Skitar\source\repos\Project2\Project2\MyForm.cpp(177,11): warning C4553: "==": результат выражения не используется; вы хотели использовать "="?
C:\Users\Skitar\source\repos\Project2\Project2\MyForm.cpp(195,31): warning C4018: <: несоответствие типов со знаком и без знака
C:\Users\Skitar\source\repos\Project2\Project2\MyForm.cpp(197,15): warning C4018: <: несоответствие типов со знаком и без знака
C:\Users\Skitar\source\repos\Project2\Project2\MyForm.cpp(202,26): warning C4018: <: несоответствие типов со знаком и без знака
C:\Users\Skitar\source\repos\Project2\Project2\MyForm.cpp(206,27): warning C4018: <: несоответствие типов со знаком и без знака
C:\Users\Skitar\source\repos\Project2\Project2\MyForm.cpp(217,37): warning C4018: <: несоответствие типов со знаком и без знака
C:\Users\Skitar\source\repos\Project2\Project2\MyForm.cpp(303,21): warning C4018: <: несоответствие типов со знаком и без знака
C:\Users\Skitar\source\repos\Project2\Project2\MyForm.cpp(345,22): warning C4018: <: несоответствие типов со знаком и без знака
C:\Users\Skitar\source\repos\Project2\Project2\MyForm.cpp(337,6): warning C4101: ves: неиспользованная локальная переменная
C:\Users\Skitar\source\repos\Project2\Project2\MyForm.cpp(338,6): warning C4101: _indexes: неиспользованная локальная переменная
C:\Users\Skitar\source\repos\Project2\Project2\MyForm.cpp(336,6): warning C4101: inst: неиспользованная локальная переменная
C:\Users\Skitar\source\repos\Project2\Project2\MyForm.cpp(363,20): warning C4018: <: несоответствие типов со знаком и без знака
C:\Users\Skitar\source\repos\Project2\Project2\MyForm.cpp(456,24): warning C4018: <: несоответствие типов со знаком и без знака
C:\Users\Skitar\source\repos\Project2\Project2\MyForm.cpp(460,25): warning C4018: <: несоответствие типов со знаком и без знака
C:\Users\Skitar\source\repos\Project2\Project2\MyForm.cpp(332): warning C4717: SearchChains: рекурсия на всех путях выполнения, функция вызовет переполнение стека
C:\Users\Skitar\source\repos\Project2\Project2\MyForm.cpp(557): warning C4700: использована неинициализированная локальная переменная "i"
  MyForm.obj : обнаружен модуль MSIL; для MSIL последовательная компоновка отключена; выполняется полная компоновка
  Project2.vcxproj -> C:\Users\Skitar\source\repos\Project2\Debug\Project2.exe
